{"timestamp":"2025-07-14T13:25:04.874Z","level":"warn","message":"Order not found for update","data":{"orderId":"24","userId":4},"orderId":"24","userId":4}
{"timestamp":"2025-07-14T13:25:06.161Z","level":"warn","message":"Order not found for update","data":{"orderId":"24","userId":4},"orderId":"24","userId":4}
{"timestamp":"2025-07-14T13:25:11.431Z","level":"warn","message":"Order not found for update","data":{"orderId":"24","userId":4},"orderId":"24","userId":4}
{"timestamp":"2025-07-15T18:45:14.407Z","level":"warn","message":"Login failed - invalid credentials","data":{"username":"konobar2"},"username":"konobar2"}
{"timestamp":"2025-07-15T21:01:03.211Z","level":"warn","message":"Login failed - invalid credentials","data":{"username":"konobar1"},"username":"konobar1"}
{"timestamp":"2025-07-15T22:42:33.950Z","level":"warn","message":"Login failed - invalid credentials","data":{"username":"amdin"},"username":"amdin"}
{"timestamp":"2025-07-15T22:42:41.708Z","level":"warn","message":"Login failed - invalid credentials","data":{"username":"amdin"},"username":"amdin"}
{"timestamp":"2025-07-15T23:38:46.268Z","level":"warn","message":"Order not found for update","data":{"orderId":"35","userId":1},"orderId":"35","userId":1}
{"timestamp":"2025-07-15T23:38:49.107Z","level":"warn","message":"Order not found for update","data":{"orderId":"35","userId":1},"orderId":"35","userId":1}
{"timestamp":"2025-07-15T23:38:49.460Z","level":"warn","message":"Order not found for update","data":{"orderId":"35","userId":1},"orderId":"35","userId":1}
{"timestamp":"2025-07-15T23:38:49.942Z","level":"warn","message":"Order not found for update","data":{"orderId":"35","userId":1},"orderId":"35","userId":1}
{"timestamp":"2025-07-15T23:38:50.099Z","level":"warn","message":"Order not found for update","data":{"orderId":"35","userId":1},"orderId":"35","userId":1}
{"timestamp":"2025-07-15T23:38:50.191Z","level":"warn","message":"Order not found for update","data":{"orderId":"35","userId":1},"orderId":"35","userId":1}
{"timestamp":"2025-07-15T23:38:53.025Z","level":"warn","message":"Order not found for update","data":{"orderId":"35","userId":1},"orderId":"35","userId":1}
{"timestamp":"2025-07-15T23:46:36.675Z","level":"warn","message":"Order not found for update","data":{"orderId":"35","userId":1},"orderId":"35","userId":1}
{"timestamp":"2025-07-15T23:46:38.082Z","level":"warn","message":"Order not found for update","data":{"orderId":"35","userId":1},"orderId":"35","userId":1}
{"timestamp":"2025-07-15T23:46:38.351Z","level":"warn","message":"Order not found for update","data":{"orderId":"35","userId":1},"orderId":"35","userId":1}
{"timestamp":"2025-07-15T23:46:38.538Z","level":"warn","message":"Order not found for update","data":{"orderId":"35","userId":1},"orderId":"35","userId":1}
{"timestamp":"2025-07-15T23:46:38.716Z","level":"warn","message":"Order not found for update","data":{"orderId":"35","userId":1},"orderId":"35","userId":1}
{"timestamp":"2025-07-15T23:46:39.195Z","level":"warn","message":"Order not found for update","data":{"orderId":"35","userId":1},"orderId":"35","userId":1}
{"timestamp":"2025-07-15T23:46:39.343Z","level":"warn","message":"Order not found for update","data":{"orderId":"35","userId":1},"orderId":"35","userId":1}
{"timestamp":"2025-07-15T23:46:39.449Z","level":"warn","message":"Order not found for update","data":{"orderId":"35","userId":1},"orderId":"35","userId":1}
{"timestamp":"2025-07-15T23:46:39.508Z","level":"warn","message":"Order not found for update","data":{"orderId":"35","userId":1},"orderId":"35","userId":1}
{"timestamp":"2025-07-15T23:46:39.741Z","level":"warn","message":"Order not found for update","data":{"orderId":"35","userId":1},"orderId":"35","userId":1}
{"timestamp":"2025-07-15T23:46:39.913Z","level":"warn","message":"Order not found for update","data":{"orderId":"35","userId":1},"orderId":"35","userId":1}
{"timestamp":"2025-07-15T23:46:40.072Z","level":"warn","message":"Order not found for update","data":{"orderId":"35","userId":1},"orderId":"35","userId":1}
{"timestamp":"2025-07-15T23:46:52.454Z","level":"warn","message":"Order not found for update","data":{"orderId":"35","userId":1},"orderId":"35","userId":1}
{"timestamp":"2025-07-15T23:47:27.618Z","level":"warn","message":"Order not found for update","data":{"orderId":"35","userId":1},"orderId":"35","userId":1}
{"timestamp":"2025-07-15T23:47:28.065Z","level":"warn","message":"Order not found for update","data":{"orderId":"35","userId":1},"orderId":"35","userId":1}
{"timestamp":"2025-07-15T23:47:28.542Z","level":"warn","message":"Order not found for update","data":{"orderId":"35","userId":1},"orderId":"35","userId":1}
{"timestamp":"2025-07-15T23:47:28.732Z","level":"warn","message":"Order not found for update","data":{"orderId":"35","userId":1},"orderId":"35","userId":1}
{"timestamp":"2025-07-16T00:32:31.787Z","level":"warn","message":"Login failed - invalid credentials","data":{"username":"konobar"},"username":"konobar"}
{"timestamp":"2025-07-16T17:48:50.764Z","level":"warn","message":"Login failed - invalid credentials","data":{"username":"konoba1"},"username":"konoba1"}
{"timestamp":"2025-07-16T18:16:09.931Z","level":"warn","message":"Login failed - invalid credentials","data":{"username":"admin"},"username":"admin"}
{"timestamp":"2025-07-16T18:16:16.060Z","level":"warn","message":"Login failed - invalid credentials","data":{"username":"admin"},"username":"admin"}
{"timestamp":"2025-07-16T18:18:10.821Z","level":"warn","message":"Login failed - invalid credentials","data":{"username":"admin"},"username":"admin"}
{"timestamp":"2025-07-16T18:19:33.296Z","level":"warn","message":"Order not found for update","data":{"orderId":"57","userId":548},"orderId":"57","userId":548}
{"timestamp":"2025-07-16T18:19:34.533Z","level":"warn","message":"Order not found for update","data":{"orderId":"57","userId":548},"orderId":"57","userId":548}
{"timestamp":"2025-07-16T18:19:35.678Z","level":"warn","message":"Order not found for update","data":{"orderId":"57","userId":548},"orderId":"57","userId":548}
{"timestamp":"2025-07-16T18:19:36.161Z","level":"warn","message":"Order not found for update","data":{"orderId":"57","userId":548},"orderId":"57","userId":548}
{"timestamp":"2025-07-16T18:19:37.914Z","level":"warn","message":"Order not found for update","data":{"orderId":"56","userId":548},"orderId":"56","userId":548}
{"timestamp":"2025-07-16T18:19:38.195Z","level":"warn","message":"Order not found for update","data":{"orderId":"56","userId":548},"orderId":"56","userId":548}
{"timestamp":"2025-07-16T18:19:38.368Z","level":"warn","message":"Order not found for update","data":{"orderId":"56","userId":548},"orderId":"56","userId":548}
{"timestamp":"2025-07-16T18:19:38.526Z","level":"warn","message":"Order not found for update","data":{"orderId":"56","userId":548},"orderId":"56","userId":548}
{"timestamp":"2025-07-16T18:46:46.619Z","level":"warn","message":"Login failed - invalid credentials","data":{"username":"admin"},"username":"admin"}
{"timestamp":"2025-07-16T18:46:50.597Z","level":"warn","message":"Login failed - invalid credentials","data":{"username":"admin"},"username":"admin"}
{"timestamp":"2025-07-16T18:47:08.181Z","level":"warn","message":"Login failed - invalid credentials","data":{"username":"admin"},"username":"admin"}
{"timestamp":"2025-07-16T18:47:17.969Z","level":"warn","message":"Login failed - invalid credentials","data":{"username":"admin"},"username":"admin"}
{"timestamp":"2025-07-16T18:47:32.104Z","level":"warn","message":"Login failed - invalid credentials","data":{"username":"admin"},"username":"admin"}
{"timestamp":"2025-07-16T18:47:36.928Z","level":"warn","message":"Login failed - invalid credentials","data":{"username":"admin"},"username":"admin"}
{"timestamp":"2025-07-16T18:47:39.625Z","level":"warn","message":"Login failed - invalid credentials","data":{"username":"admin"},"username":"admin"}
{"timestamp":"2025-07-16T18:47:49.330Z","level":"warn","message":"Login failed - invalid credentials","data":{"username":"konobar1"},"username":"konobar1"}
{"timestamp":"2025-07-16T18:47:52.625Z","level":"warn","message":"Login failed - invalid credentials","data":{"username":"konobar1"},"username":"konobar1"}
{"timestamp":"2025-07-16T18:50:02.226Z","level":"warn","message":"Login failed - invalid credentials","data":{"username":"konobar1"},"username":"konobar1"}
{"timestamp":"2025-07-16T18:50:07.728Z","level":"warn","message":"Login failed - invalid credentials","data":{"username":"konobar1"},"username":"konobar1"}
{"timestamp":"2025-07-16T18:51:19.903Z","level":"warn","message":"Login failed - invalid credentials","data":{"username":"konobar1"},"username":"konobar1"}
{"timestamp":"2025-07-16T18:51:42.588Z","level":"warn","message":"Login failed - invalid credentials","data":{"username":"konobar1"},"username":"konobar1"}
{"timestamp":"2025-07-16T18:51:49.548Z","level":"warn","message":"Login failed - invalid credentials","data":{"username":"waiters123"},"username":"waiters123"}
{"timestamp":"2025-07-16T18:51:51.089Z","level":"warn","message":"Login failed - invalid credentials","data":{"username":"waiters1"},"username":"waiters1"}
{"timestamp":"2025-07-16T18:52:42.439Z","level":"warn","message":"Login failed - invalid credentials","data":{"username":"konobar1"},"username":"konobar1"}
{"timestamp":"2025-07-16T18:56:56.628Z","level":"warn","message":"Login failed - invalid credentials","data":{"username":"admin"},"username":"admin"}
{"timestamp":"2025-07-16T18:57:00.962Z","level":"warn","message":"Login failed - invalid credentials","data":{"username":"admin"},"username":"admin"}
{"timestamp":"2025-07-16T18:57:03.656Z","level":"warn","message":"Login failed - invalid credentials","data":{"username":"admin"},"username":"admin"}
{"timestamp":"2025-07-16T18:59:24.139Z","level":"warn","message":"Login failed - invalid credentials","data":{"username":"admin"},"username":"admin"}
